<?xml version="1.0" encoding="UTF-8"?>
<testng-results skipped="0" failed="0" total="1" passed="1">
  <reporter-output>
  </reporter-output>
  <suite name="Default suite" duration-ms="7889" started-at="2021-06-26T16:33:15Z" finished-at="2021-06-26T16:33:23Z">
    <groups>
    </groups>
    <test name="Default test" duration-ms="7889" started-at="2021-06-26T16:33:15Z" finished-at="2021-06-26T16:33:23Z">
      <class name="Spotify.Steps.PlanIndividualSteps">
        <test-method status="PASS" signature="setUpTest()[pri:0, instance:Spotify.Steps.PlanIndividualSteps@4f638935]" name="setUpTest" is-config="true" duration-ms="3568" started-at="2021-06-26T18:33:15Z" finished-at="2021-06-26T18:33:18Z">
          <reporter-output>
          </reporter-output>
        </test-method> <!-- setUpTest -->
        <test-method status="PASS" signature="comprobarIndividual()[pri:0, instance:Spotify.Steps.PlanIndividualSteps@4f638935]" name="comprobarIndividual" duration-ms="1292" started-at="2021-06-26T18:33:18Z" finished-at="2021-06-26T18:33:20Z">
          <reporter-output>
          </reporter-output>
        </test-method> <!-- comprobarIndividual -->
        <test-method status="PASS" signature="tearDown(org.testng.ITestResult)[pri:0, instance:Spotify.Steps.PlanIndividualSteps@4f638935]" name="tearDown" is-config="true" duration-ms="3009" started-at="2021-06-26T18:33:20Z" finished-at="2021-06-26T18:33:23Z">
          <params>
            <param index="0">
              <value>
                <![CDATA[[TestResult name=comprobarIndividual status=SUCCESS method=PlanIndividualSteps.comprobarIndividual()[pri:0, instance:Spotify.Steps.PlanIndividualSteps@4f638935] output={null}]]]>
              </value>
            </param>
          </params>
          <reporter-output>
          </reporter-output>
        </test-method> <!-- tearDown -->
      </class> <!-- Spotify.Steps.PlanIndividualSteps -->
    </test> <!-- Default test -->
  </suite> <!-- Default suite -->
</testng-results>
